<?xml version="1.0" encoding="UTF-8"?><testsuite errors="1" failures="0" name="com.restapiexample.dummy.employeeinfo.EmployeeCURDTest" skipped="0" tests="1" time="6.22" timestamp="2022-06-08T00:04:39.300+01:00[Europe/London]"><testcase classname="com.restapiexample.dummy.employeeinfo.EmployeeCURDTest" name="7. Verify 6th id age is 61"><error message="Index: 0, Size: 0" type="java.lang.IndexOutOfBoundsException">Index: 0, Size: 0</error><system-err>Index: 0, Size: 0&#13;
com.restapiexample.dummy.employeeinfo.EmployeeCURDTest.test011(EmployeeCURDTest.java:127)&#13;
</system-err></testcase></testsuite>