<?xml version="1.0" encoding="UTF-8"?><testsuite errors="0" failures="1" name="com.restapiexample.dummy.employeeinfo.EmployeeCURDTest" skipped="0" tests="1" time="5.45" timestamp="2022-06-08T00:04:16.206+01:00[Europe/London]"><testcase classname="com.restapiexample.dummy.employeeinfo.EmployeeCURDTest" name="This will create a new employee"><failure message="1 expectation failed.&#10;Expected status code &lt;200&gt; but was &lt;404&gt;.&#10;" type="java.lang.AssertionError">1 expectation failed.
Expected status code &lt;200&gt; but was &lt;404&gt;.
</failure><system-err>1 expectation failed.
Expected status code &lt;200&gt; but was &lt;404&gt;.
&#13;
io.restassured.internal.ResponseSpecificationImpl.validateResponseIfRequired(ResponseSpecificationImpl.groovy:636)&#13;
io.restassured.internal.ResponseSpecificationImpl.statusCode(ResponseSpecificationImpl.groovy:122)&#13;
io.restassured.internal.ResponseSpecificationImpl.statusCode(ResponseSpecificationImpl.groovy:130)&#13;
io.restassured.internal.ValidatableResponseOptionsImpl.statusCode(ValidatableResponseOptionsImpl.java:117)&#13;
com.restapiexample.dummy.employeeinfo.EmployeeCURDTest.test001(EmployeeCURDTest.java:37)&#13;
</system-err></testcase></testsuite>