<?xml version="1.0" encoding="UTF-8"?><testsuite errors="1" failures="0" name="com.restapiexample.dummy.employeeinfo.EmployeeCURDTest" skipped="0" tests="1" time="5.92" timestamp="2022-06-08T00:06:08.547+01:00[Europe/London]"><testcase classname="com.restapiexample.dummy.employeeinfo.EmployeeCURDTest" name="8. Verify 11th id name is Jena Gaines"><error message="Index: 0, Size: 0" type="java.lang.IndexOutOfBoundsException">Index: 0, Size: 0</error><system-err>Index: 0, Size: 0&#13;
com.restapiexample.dummy.employeeinfo.EmployeeCURDTest.test012(EmployeeCURDTest.java:134)&#13;
</system-err></testcase></testsuite>